{
  "stats": {
    "suites": 1,
    "tests": 3,
    "passes": 3,
    "pending": 0,
    "failures": 0,
    "start": "2023-10-23T19:31:42.471Z",
    "end": "2023-10-23T19:31:43.732Z",
    "duration": 1261,
    "testsRegistered": 3,
    "passPercent": 100,
    "pendingPercent": 0,
    "other": 0,
    "hasOther": false,
    "skipped": 0,
    "hasSkipped": false
  },
  "results": [
    {
      "uuid": "52db9fe1-3eb7-4d63-b0de-2aeaf80e0a65",
      "title": "",
      "fullFile": "cypress/e2e/booker_gets.cy.js",
      "file": "cypress/e2e/booker_gets.cy.js",
      "beforeHooks": [],
      "afterHooks": [],
      "tests": [],
      "suites": [
        {
          "uuid": "839f6f12-9a84-487a-b2e2-165714950709",
          "title": "Listing the bookings",
          "fullFile": "",
          "file": "",
          "beforeHooks": [],
          "afterHooks": [],
          "tests": [
            {
              "title": "Gets a list of all booking IDs",
              "fullTitle": "Listing the bookings Gets a list of all booking IDs",
              "timedOut": null,
              "duration": 657,
              "state": "passed",
              "speed": "fast",
              "pass": true,
              "fail": false,
              "pending": false,
              "context": null,
              "code": "cy.request('GET', '/booking', {\n  auth: {\n    'bearer': token\n  }\n}).then(response => {\n  expect(response.status).to.equal(200);\n});",
              "err": {},
              "uuid": "767b6b9a-e6c1-43dc-b1fb-295b8a394a53",
              "parentUUID": "839f6f12-9a84-487a-b2e2-165714950709",
              "isHook": false,
              "skipped": false
            },
            {
              "title": "Gets a specific booking using ID",
              "fullTitle": "Listing the bookings Gets a specific booking using ID",
              "timedOut": null,
              "duration": 215,
              "state": "passed",
              "speed": "fast",
              "pass": true,
              "fail": false,
              "pending": false,
              "context": null,
              "code": "cy.request('GET', '/booking/1', {\n  auth: {\n    'bearer': token\n  }\n}).then(response => {\n  expect(response.status).to.equal(200);\n  expect(response.body).to.have.property('firstname');\n});",
              "err": {},
              "uuid": "a693a82d-4ae2-4ac9-ba96-04e3b2d3b851",
              "parentUUID": "839f6f12-9a84-487a-b2e2-165714950709",
              "isHook": false,
              "skipped": false
            },
            {
              "title": "Gets a specific booking using first and last name",
              "fullTitle": "Listing the bookings Gets a specific booking using first and last name",
              "timedOut": null,
              "duration": 268,
              "state": "passed",
              "speed": "fast",
              "pass": true,
              "fail": false,
              "pending": false,
              "context": null,
              "code": "const firstname = 'sally';\nconst lastname = 'brown';\ncy.request('GET', `/booking?firstname=${firstname}&lastname=${lastname}`).then(response => {\n  console.log(response);\n  expect(response.status).to.equal(200);\n});",
              "err": {},
              "uuid": "f5d50e39-54bc-42e8-95f8-097d4c4b7c47",
              "parentUUID": "839f6f12-9a84-487a-b2e2-165714950709",
              "isHook": false,
              "skipped": false
            }
          ],
          "suites": [],
          "passes": [
            "767b6b9a-e6c1-43dc-b1fb-295b8a394a53",
            "a693a82d-4ae2-4ac9-ba96-04e3b2d3b851",
            "f5d50e39-54bc-42e8-95f8-097d4c4b7c47"
          ],
          "failures": [],
          "pending": [],
          "skipped": [],
          "duration": 1140,
          "root": false,
          "rootEmpty": false,
          "_timeout": 2000
        }
      ],
      "passes": [],
      "failures": [],
      "pending": [],
      "skipped": [],
      "duration": 0,
      "root": true,
      "rootEmpty": true,
      "_timeout": 2000
    }
  ],
  "meta": {
    "mocha": {
      "version": "7.0.1"
    },
    "mochawesome": {
      "options": {
        "quiet": false,
        "reportFilename": "mochawesome",
        "saveHtml": true,
        "saveJson": true,
        "consoleReporter": "spec",
        "useInlineDiffs": false,
        "code": true
      },
      "version": "7.1.3"
    },
    "marge": {
      "options": null,
      "version": "6.2.0"
    }
  }
}