{
  "stats": {
    "suites": 1,
    "tests": 1,
    "passes": 1,
    "pending": 0,
    "failures": 0,
    "start": "2023-10-25T19:52:29.052Z",
    "end": "2023-10-25T19:52:29.626Z",
    "duration": 574,
    "testsRegistered": 1,
    "passPercent": 100,
    "pendingPercent": 0,
    "other": 0,
    "hasOther": false,
    "skipped": 0,
    "hasSkipped": false
  },
  "results": [
    {
      "uuid": "c6f2ffea-f481-4fbd-bb30-55d7b5dc27c9",
      "title": "",
      "fullFile": "cypress/e2e/booker_posts.cy.js",
      "file": "cypress/e2e/booker_posts.cy.js",
      "beforeHooks": [],
      "afterHooks": [],
      "tests": [],
      "suites": [
        {
          "uuid": "3fe94bfa-86ef-466a-9f6d-2821d0c2a646",
          "title": "Listing the bookings",
          "fullFile": "",
          "file": "",
          "beforeHooks": [],
          "afterHooks": [],
          "tests": [
            {
              "title": "Creates a new booking",
              "fullTitle": "Listing the bookings Creates a new booking",
              "timedOut": null,
              "duration": 494,
              "state": "passed",
              "speed": "fast",
              "pass": true,
              "fail": false,
              "pending": false,
              "context": null,
              "code": "const firstName = _faker.faker.name.firstName();\nconst lastName = _faker.faker.name.lastName();\nconst checkinDate = _faker.faker.date.past({\n  years: 2\n}).toISOString().split('T')[0];\ncy.request('POST', '/booking', {\n  auth: {\n    'bearer': token\n  },\n  firstname: firstName,\n  lastname: lastName,\n  totalprice: 111,\n  depositpaid: true,\n  bookingdates: {\n    checkin: checkinDate,\n    checkout: \"2023-01-01\"\n  },\n  additionalneeds: \"Breakfast\"\n}).then(response => {\n  console.log(response);\n  expect(response.status).to.equal(200);\n});",
              "err": {},
              "uuid": "b8df665d-5572-4df3-b9d3-e9da8e3f80af",
              "parentUUID": "3fe94bfa-86ef-466a-9f6d-2821d0c2a646",
              "isHook": false,
              "skipped": false
            }
          ],
          "suites": [],
          "passes": [
            "b8df665d-5572-4df3-b9d3-e9da8e3f80af"
          ],
          "failures": [],
          "pending": [],
          "skipped": [],
          "duration": 494,
          "root": false,
          "rootEmpty": false,
          "_timeout": 2000
        }
      ],
      "passes": [],
      "failures": [],
      "pending": [],
      "skipped": [],
      "duration": 0,
      "root": true,
      "rootEmpty": true,
      "_timeout": 2000
    }
  ],
  "meta": {
    "mocha": {
      "version": "7.0.1"
    },
    "mochawesome": {
      "options": {
        "quiet": false,
        "reportFilename": "mochawesome",
        "saveHtml": true,
        "saveJson": true,
        "consoleReporter": "spec",
        "useInlineDiffs": false,
        "code": true
      },
      "version": "7.1.3"
    },
    "marge": {
      "options": null,
      "version": "6.2.0"
    }
  }
}